mode: set
/media/ypl/Data/go_linx/work/src/com/ypl/db/main.go:15.13,17.2 1 0
/media/ypl/Data/go_linx/work/src/com/ypl/db/main.go:18.11,20.2 1 0
/media/ypl/Data/go_linx/work/src/com/ypl/db/main.go:21.13,24.2 2 0
/media/ypl/Data/go_linx/work/src/com/ypl/db/main.go:28.15,31.16 3 1
/media/ypl/Data/go_linx/work/src/com/ypl/db/main.go:35.2,36.16 2 1
/media/ypl/Data/go_linx/work/src/com/ypl/db/main.go:40.2,42.25 3 1
/media/ypl/Data/go_linx/work/src/com/ypl/db/main.go:31.16,33.30 2 0
/media/ypl/Data/go_linx/work/src/com/ypl/db/main.go:36.16,39.3 2 0
/media/ypl/Data/go_linx/work/src/com/ypl/db/main.go:45.17,49.16 3 0
/media/ypl/Data/go_linx/work/src/com/ypl/db/main.go:52.2,52.17 1 0
/media/ypl/Data/go_linx/work/src/com/ypl/db/main.go:56.2,57.18 2 0
/media/ypl/Data/go_linx/work/src/com/ypl/db/main.go:67.2,67.22 1 0
/media/ypl/Data/go_linx/work/src/com/ypl/db/main.go:49.16,51.3 1 0
/media/ypl/Data/go_linx/work/src/com/ypl/db/main.go:52.17,55.3 2 0
/media/ypl/Data/go_linx/work/src/com/ypl/db/main.go:57.18,60.17 3 0
/media/ypl/Data/go_linx/work/src/com/ypl/db/main.go:64.3,64.31 1 0
/media/ypl/Data/go_linx/work/src/com/ypl/db/main.go:60.17,62.12 2 0
/media/ypl/Data/go_linx/work/src/com/ypl/db/main.go:70.25,76.16 5 1
/media/ypl/Data/go_linx/work/src/com/ypl/db/main.go:79.2,79.16 1 1
/media/ypl/Data/go_linx/work/src/com/ypl/db/main.go:76.16,78.3 1 0
